G75*
%MOIN*%
%OFA0B0*%
%FSLAX24Y24*%
%IPPOS*%
%LPD*%
%AMOC8*
5,1,8,0,0,1.08239X$1,22.5*
%
%ADD10C,0.0000*%
D10*
X006148Y000100D02*
X006148Y007300D01*
X013348Y007300D01*
X013348Y000100D01*
X006148Y000100D01*
X006892Y002814D02*
X006894Y002843D01*
X006900Y002871D01*
X006909Y002899D01*
X006922Y002925D01*
X006939Y002948D01*
X006958Y002970D01*
X006980Y002989D01*
X007005Y003004D01*
X007031Y003017D01*
X007059Y003025D01*
X007087Y003030D01*
X007116Y003031D01*
X007145Y003028D01*
X007173Y003021D01*
X007200Y003011D01*
X007226Y002997D01*
X007249Y002980D01*
X007270Y002960D01*
X007288Y002937D01*
X007303Y002912D01*
X007314Y002885D01*
X007322Y002857D01*
X007326Y002828D01*
X007326Y002800D01*
X007322Y002771D01*
X007314Y002743D01*
X007303Y002716D01*
X007288Y002691D01*
X007270Y002668D01*
X007249Y002648D01*
X007226Y002631D01*
X007200Y002617D01*
X007173Y002607D01*
X007145Y002600D01*
X007116Y002597D01*
X007087Y002598D01*
X007059Y002603D01*
X007031Y002611D01*
X007005Y002624D01*
X006980Y002639D01*
X006958Y002658D01*
X006939Y002680D01*
X006922Y002703D01*
X006909Y002729D01*
X006900Y002757D01*
X006894Y002785D01*
X006892Y002814D01*
X006892Y004586D02*
X006894Y004615D01*
X006900Y004643D01*
X006909Y004671D01*
X006922Y004697D01*
X006939Y004720D01*
X006958Y004742D01*
X006980Y004761D01*
X007005Y004776D01*
X007031Y004789D01*
X007059Y004797D01*
X007087Y004802D01*
X007116Y004803D01*
X007145Y004800D01*
X007173Y004793D01*
X007200Y004783D01*
X007226Y004769D01*
X007249Y004752D01*
X007270Y004732D01*
X007288Y004709D01*
X007303Y004684D01*
X007314Y004657D01*
X007322Y004629D01*
X007326Y004600D01*
X007326Y004572D01*
X007322Y004543D01*
X007314Y004515D01*
X007303Y004488D01*
X007288Y004463D01*
X007270Y004440D01*
X007249Y004420D01*
X007226Y004403D01*
X007200Y004389D01*
X007173Y004379D01*
X007145Y004372D01*
X007116Y004369D01*
X007087Y004370D01*
X007059Y004375D01*
X007031Y004383D01*
X007005Y004396D01*
X006980Y004411D01*
X006958Y004430D01*
X006939Y004452D01*
X006922Y004475D01*
X006909Y004501D01*
X006900Y004529D01*
X006894Y004557D01*
X006892Y004586D01*
M02*
