G75*
%MOIN*%
%OFA0B0*%
%FSLAX24Y24*%
%IPPOS*%
%LPD*%
%AMOC8*
5,1,8,0,0,1.08239X$1,22.5*
%
%ADD10C,0.0160*%
%ADD11C,0.0000*%
D10*
X000180Y007734D02*
X000182Y007919D01*
X000189Y008105D01*
X000200Y008290D01*
X000216Y008474D01*
X000237Y008659D01*
X000262Y008842D01*
X000291Y009025D01*
X000325Y009208D01*
X000364Y009389D01*
X000406Y009569D01*
X000454Y009749D01*
X000505Y009927D01*
X000561Y010104D01*
X000622Y010279D01*
X000686Y010453D01*
X000755Y010625D01*
X000828Y010795D01*
X000905Y010964D01*
X000987Y011130D01*
X001072Y011295D01*
X001161Y011457D01*
X001255Y011618D01*
X001352Y011775D01*
X001453Y011931D01*
X001558Y012084D01*
X001667Y012234D01*
X001779Y012381D01*
X001895Y012526D01*
X002014Y012668D01*
X002137Y012807D01*
X002263Y012943D01*
X002393Y013075D01*
X002525Y013205D01*
X002661Y013331D01*
X002800Y013454D01*
X002942Y013573D01*
X003087Y013689D01*
X003234Y013801D01*
X003384Y013910D01*
X003537Y014015D01*
X003693Y014116D01*
X003850Y014213D01*
X004011Y014307D01*
X004173Y014396D01*
X004338Y014481D01*
X004504Y014563D01*
X004673Y014640D01*
X004843Y014713D01*
X005015Y014782D01*
X005189Y014846D01*
X005364Y014907D01*
X005541Y014963D01*
X005719Y015014D01*
X005899Y015062D01*
X006079Y015104D01*
X006260Y015143D01*
X006443Y015177D01*
X006626Y015206D01*
X006809Y015231D01*
X006994Y015252D01*
X007178Y015268D01*
X007363Y015279D01*
X007549Y015286D01*
X007734Y015288D01*
X007919Y015286D01*
X008105Y015279D01*
X008290Y015268D01*
X008474Y015252D01*
X008659Y015231D01*
X008842Y015206D01*
X009025Y015177D01*
X009208Y015143D01*
X009389Y015104D01*
X009569Y015062D01*
X009749Y015014D01*
X009927Y014963D01*
X010104Y014907D01*
X010279Y014846D01*
X010453Y014782D01*
X010625Y014713D01*
X010795Y014640D01*
X010964Y014563D01*
X011130Y014481D01*
X011295Y014396D01*
X011457Y014307D01*
X011618Y014213D01*
X011775Y014116D01*
X011931Y014015D01*
X012084Y013910D01*
X012234Y013801D01*
X012381Y013689D01*
X012526Y013573D01*
X012668Y013454D01*
X012807Y013331D01*
X012943Y013205D01*
X013075Y013075D01*
X013205Y012943D01*
X013331Y012807D01*
X013454Y012668D01*
X013573Y012526D01*
X013689Y012381D01*
X013801Y012234D01*
X013910Y012084D01*
X014015Y011931D01*
X014116Y011775D01*
X014213Y011618D01*
X014307Y011457D01*
X014396Y011295D01*
X014481Y011130D01*
X014563Y010964D01*
X014640Y010795D01*
X014713Y010625D01*
X014782Y010453D01*
X014846Y010279D01*
X014907Y010104D01*
X014963Y009927D01*
X015014Y009749D01*
X015062Y009569D01*
X015104Y009389D01*
X015143Y009208D01*
X015177Y009025D01*
X015206Y008842D01*
X015231Y008659D01*
X015252Y008474D01*
X015268Y008290D01*
X015279Y008105D01*
X015286Y007919D01*
X015288Y007734D01*
X015286Y007549D01*
X015279Y007363D01*
X015268Y007178D01*
X015252Y006994D01*
X015231Y006809D01*
X015206Y006626D01*
X015177Y006443D01*
X015143Y006260D01*
X015104Y006079D01*
X015062Y005899D01*
X015014Y005719D01*
X014963Y005541D01*
X014907Y005364D01*
X014846Y005189D01*
X014782Y005015D01*
X014713Y004843D01*
X014640Y004673D01*
X014563Y004504D01*
X014481Y004338D01*
X014396Y004173D01*
X014307Y004011D01*
X014213Y003850D01*
X014116Y003693D01*
X014015Y003537D01*
X013910Y003384D01*
X013801Y003234D01*
X013689Y003087D01*
X013573Y002942D01*
X013454Y002800D01*
X013331Y002661D01*
X013205Y002525D01*
X013075Y002393D01*
X012943Y002263D01*
X012807Y002137D01*
X012668Y002014D01*
X012526Y001895D01*
X012381Y001779D01*
X012234Y001667D01*
X012084Y001558D01*
X011931Y001453D01*
X011775Y001352D01*
X011618Y001255D01*
X011457Y001161D01*
X011295Y001072D01*
X011130Y000987D01*
X010964Y000905D01*
X010795Y000828D01*
X010625Y000755D01*
X010453Y000686D01*
X010279Y000622D01*
X010104Y000561D01*
X009927Y000505D01*
X009749Y000454D01*
X009569Y000406D01*
X009389Y000364D01*
X009208Y000325D01*
X009025Y000291D01*
X008842Y000262D01*
X008659Y000237D01*
X008474Y000216D01*
X008290Y000200D01*
X008105Y000189D01*
X007919Y000182D01*
X007734Y000180D01*
X007549Y000182D01*
X007363Y000189D01*
X007178Y000200D01*
X006994Y000216D01*
X006809Y000237D01*
X006626Y000262D01*
X006443Y000291D01*
X006260Y000325D01*
X006079Y000364D01*
X005899Y000406D01*
X005719Y000454D01*
X005541Y000505D01*
X005364Y000561D01*
X005189Y000622D01*
X005015Y000686D01*
X004843Y000755D01*
X004673Y000828D01*
X004504Y000905D01*
X004338Y000987D01*
X004173Y001072D01*
X004011Y001161D01*
X003850Y001255D01*
X003693Y001352D01*
X003537Y001453D01*
X003384Y001558D01*
X003234Y001667D01*
X003087Y001779D01*
X002942Y001895D01*
X002800Y002014D01*
X002661Y002137D01*
X002525Y002263D01*
X002393Y002393D01*
X002263Y002525D01*
X002137Y002661D01*
X002014Y002800D01*
X001895Y002942D01*
X001779Y003087D01*
X001667Y003234D01*
X001558Y003384D01*
X001453Y003537D01*
X001352Y003693D01*
X001255Y003850D01*
X001161Y004011D01*
X001072Y004173D01*
X000987Y004338D01*
X000905Y004504D01*
X000828Y004673D01*
X000755Y004843D01*
X000686Y005015D01*
X000622Y005189D01*
X000561Y005364D01*
X000505Y005541D01*
X000454Y005719D01*
X000406Y005899D01*
X000364Y006079D01*
X000325Y006260D01*
X000291Y006443D01*
X000262Y006626D01*
X000237Y006809D01*
X000216Y006994D01*
X000200Y007178D01*
X000189Y007363D01*
X000182Y007549D01*
X000180Y007734D01*
D11*
X001390Y004434D02*
X001392Y004473D01*
X001398Y004512D01*
X001408Y004550D01*
X001421Y004587D01*
X001438Y004622D01*
X001458Y004656D01*
X001482Y004687D01*
X001509Y004716D01*
X001538Y004742D01*
X001570Y004765D01*
X001604Y004785D01*
X001640Y004801D01*
X001677Y004813D01*
X001716Y004822D01*
X001755Y004827D01*
X001794Y004828D01*
X001833Y004825D01*
X001872Y004818D01*
X001909Y004807D01*
X001946Y004793D01*
X001981Y004775D01*
X002014Y004754D01*
X002045Y004729D01*
X002073Y004702D01*
X002098Y004672D01*
X002120Y004639D01*
X002139Y004605D01*
X002154Y004569D01*
X002166Y004531D01*
X002174Y004493D01*
X002178Y004454D01*
X002178Y004414D01*
X002174Y004375D01*
X002166Y004337D01*
X002154Y004299D01*
X002139Y004263D01*
X002120Y004229D01*
X002098Y004196D01*
X002073Y004166D01*
X002045Y004139D01*
X002014Y004114D01*
X001981Y004093D01*
X001946Y004075D01*
X001909Y004061D01*
X001872Y004050D01*
X001833Y004043D01*
X001794Y004040D01*
X001755Y004041D01*
X001716Y004046D01*
X001677Y004055D01*
X001640Y004067D01*
X001604Y004083D01*
X001570Y004103D01*
X001538Y004126D01*
X001509Y004152D01*
X001482Y004181D01*
X001458Y004212D01*
X001438Y004246D01*
X001421Y004281D01*
X001408Y004318D01*
X001398Y004356D01*
X001392Y004395D01*
X001390Y004434D01*
X002340Y011834D02*
X002342Y011873D01*
X002348Y011912D01*
X002358Y011950D01*
X002371Y011987D01*
X002388Y012022D01*
X002408Y012056D01*
X002432Y012087D01*
X002459Y012116D01*
X002488Y012142D01*
X002520Y012165D01*
X002554Y012185D01*
X002590Y012201D01*
X002627Y012213D01*
X002666Y012222D01*
X002705Y012227D01*
X002744Y012228D01*
X002783Y012225D01*
X002822Y012218D01*
X002859Y012207D01*
X002896Y012193D01*
X002931Y012175D01*
X002964Y012154D01*
X002995Y012129D01*
X003023Y012102D01*
X003048Y012072D01*
X003070Y012039D01*
X003089Y012005D01*
X003104Y011969D01*
X003116Y011931D01*
X003124Y011893D01*
X003128Y011854D01*
X003128Y011814D01*
X003124Y011775D01*
X003116Y011737D01*
X003104Y011699D01*
X003089Y011663D01*
X003070Y011629D01*
X003048Y011596D01*
X003023Y011566D01*
X002995Y011539D01*
X002964Y011514D01*
X002931Y011493D01*
X002896Y011475D01*
X002859Y011461D01*
X002822Y011450D01*
X002783Y011443D01*
X002744Y011440D01*
X002705Y011441D01*
X002666Y011446D01*
X002627Y011455D01*
X002590Y011467D01*
X002554Y011483D01*
X002520Y011503D01*
X002488Y011526D01*
X002459Y011552D01*
X002432Y011581D01*
X002408Y011612D01*
X002388Y011646D01*
X002371Y011681D01*
X002358Y011718D01*
X002348Y011756D01*
X002342Y011795D01*
X002340Y011834D01*
X011940Y011884D02*
X011942Y011923D01*
X011948Y011962D01*
X011958Y012000D01*
X011971Y012037D01*
X011988Y012072D01*
X012008Y012106D01*
X012032Y012137D01*
X012059Y012166D01*
X012088Y012192D01*
X012120Y012215D01*
X012154Y012235D01*
X012190Y012251D01*
X012227Y012263D01*
X012266Y012272D01*
X012305Y012277D01*
X012344Y012278D01*
X012383Y012275D01*
X012422Y012268D01*
X012459Y012257D01*
X012496Y012243D01*
X012531Y012225D01*
X012564Y012204D01*
X012595Y012179D01*
X012623Y012152D01*
X012648Y012122D01*
X012670Y012089D01*
X012689Y012055D01*
X012704Y012019D01*
X012716Y011981D01*
X012724Y011943D01*
X012728Y011904D01*
X012728Y011864D01*
X012724Y011825D01*
X012716Y011787D01*
X012704Y011749D01*
X012689Y011713D01*
X012670Y011679D01*
X012648Y011646D01*
X012623Y011616D01*
X012595Y011589D01*
X012564Y011564D01*
X012531Y011543D01*
X012496Y011525D01*
X012459Y011511D01*
X012422Y011500D01*
X012383Y011493D01*
X012344Y011490D01*
X012305Y011491D01*
X012266Y011496D01*
X012227Y011505D01*
X012190Y011517D01*
X012154Y011533D01*
X012120Y011553D01*
X012088Y011576D01*
X012059Y011602D01*
X012032Y011631D01*
X012008Y011662D01*
X011988Y011696D01*
X011971Y011731D01*
X011958Y011768D01*
X011948Y011806D01*
X011942Y011845D01*
X011940Y011884D01*
X013140Y004384D02*
X013142Y004423D01*
X013148Y004462D01*
X013158Y004500D01*
X013171Y004537D01*
X013188Y004572D01*
X013208Y004606D01*
X013232Y004637D01*
X013259Y004666D01*
X013288Y004692D01*
X013320Y004715D01*
X013354Y004735D01*
X013390Y004751D01*
X013427Y004763D01*
X013466Y004772D01*
X013505Y004777D01*
X013544Y004778D01*
X013583Y004775D01*
X013622Y004768D01*
X013659Y004757D01*
X013696Y004743D01*
X013731Y004725D01*
X013764Y004704D01*
X013795Y004679D01*
X013823Y004652D01*
X013848Y004622D01*
X013870Y004589D01*
X013889Y004555D01*
X013904Y004519D01*
X013916Y004481D01*
X013924Y004443D01*
X013928Y004404D01*
X013928Y004364D01*
X013924Y004325D01*
X013916Y004287D01*
X013904Y004249D01*
X013889Y004213D01*
X013870Y004179D01*
X013848Y004146D01*
X013823Y004116D01*
X013795Y004089D01*
X013764Y004064D01*
X013731Y004043D01*
X013696Y004025D01*
X013659Y004011D01*
X013622Y004000D01*
X013583Y003993D01*
X013544Y003990D01*
X013505Y003991D01*
X013466Y003996D01*
X013427Y004005D01*
X013390Y004017D01*
X013354Y004033D01*
X013320Y004053D01*
X013288Y004076D01*
X013259Y004102D01*
X013232Y004131D01*
X013208Y004162D01*
X013188Y004196D01*
X013171Y004231D01*
X013158Y004268D01*
X013148Y004306D01*
X013142Y004345D01*
X013140Y004384D01*
M02*
